{"C:\\IT\\Natije AI\\src\\components\\ui\\Badge.css": {"path":"C:\\IT\\Natije AI\\src\\components\\ui\\Badge.css","statementMap":{},"fnMap":{},"branchMap":{},"s":{},"f":{},"b":{},"meta":{"lastBranch":0,"lastFunction":0,"lastStatement":0,"seen":{},"fnNames":{}}}
,"C:\\IT\\Natije AI\\src\\components\\ui\\Badge.tsx": {"path":"C:\\IT\\Natije AI\\src\\components\\ui\\Badge.tsx","statementMap":{"0":{"start":{"line":21,"column":18},"end":{"line":26,"column":null}},"1":{"start":{"line":28,"column":2},"end":{"line":31,"column":null}},"2":{"start":{"line":37,"column":2},"end":{"line":37,"column":null}},"3":{"start":{"line":37,"column":18},"end":{"line":37,"column":null}},"4":{"start":{"line":38,"column":2},"end":{"line":41,"column":null}},"5":{"start":{"line":53,"column":2},"end":{"line":56,"column":null}}},"fnMap":{"0":{"name":"Badge","decl":{"start":{"line":13,"column":24},"end":{"line":13,"column":30}},"loc":{"start":{"line":20,"column":15},"end":{"line":33,"column":null}},"line":20},"1":{"name":"NotificationBadge","decl":{"start":{"line":36,"column":16},"end":{"line":36,"column":34}},"loc":{"start":{"line":36,"column":100},"end":{"line":43,"column":null}},"line":36},"2":{"name":"StatusBadge","decl":{"start":{"line":46,"column":16},"end":{"line":46,"column":28}},"loc":{"start":{"line":52,"column":3},"end":{"line":58,"column":null}},"line":52}},"branchMap":{"0":{"loc":{"start":{"line":14,"column":2},"end":{"line":14,"column":null}},"type":"default-arg","locations":[{"start":{"line":14,"column":10},"end":{"line":14,"column":null}}],"line":14},"1":{"loc":{"start":{"line":15,"column":2},"end":{"line":15,"column":null}},"type":"default-arg","locations":[{"start":{"line":15,"column":11},"end":{"line":15,"column":null}}],"line":15},"2":{"loc":{"start":{"line":16,"column":2},"end":{"line":16,"column":null}},"type":"default-arg","locations":[{"start":{"line":16,"column":8},"end":{"line":16,"column":null}}],"line":16},"3":{"loc":{"start":{"line":18,"column":2},"end":{"line":18,"column":null}},"type":"default-arg","locations":[{"start":{"line":18,"column":14},"end":{"line":18,"column":null}}],"line":18},"4":{"loc":{"start":{"line":23,"column":4},"end":{"line":23,"column":null}},"type":"cond-expr","locations":[{"start":{"line":23,"column":13},"end":{"line":23,"column":39}},{"start":{"line":23,"column":39},"end":{"line":23,"column":null}}],"line":23},"5":{"loc":{"start":{"line":24,"column":4},"end":{"line":24,"column":null}},"type":"cond-expr","locations":[{"start":{"line":24,"column":10},"end":{"line":24,"column":24}},{"start":{"line":24,"column":24},"end":{"line":24,"column":null}}],"line":24},"6":{"loc":{"start":{"line":36,"column":43},"end":{"line":36,"column":100}},"type":"default-arg","locations":[{"start":{"line":36,"column":55},"end":{"line":36,"column":100}}],"line":36},"7":{"loc":{"start":{"line":37,"column":2},"end":{"line":37,"column":null}},"type":"if","locations":[{"start":{"line":37,"column":2},"end":{"line":37,"column":null}},{"start":{},"end":{}}],"line":37},"8":{"loc":{"start":{"line":40,"column":7},"end":{"line":40,"column":null}},"type":"cond-expr","locations":[{"start":{"line":40,"column":19},"end":{"line":40,"column":26}},{"start":{"line":40,"column":26},"end":{"line":40,"column":null}}],"line":40}},"s":{"0":2,"1":2,"2":3,"3":1,"4":2,"5":1},"f":{"0":2,"1":3,"2":1},"b":{"0":[2],"1":[2],"2":[2],"3":[2],"4":[1,1],"5":[1,1],"6":[3],"7":[1,2],"8":[1,1]},"meta":{"lastBranch":9,"lastFunction":3,"lastStatement":6,"seen":{"f:13:24:13:30":0,"b:14:10:14:Infinity":0,"b:15:11:15:Infinity":1,"b:16:8:16:Infinity":2,"b:18:14:18:Infinity":3,"s:21:18:26:Infinity":0,"b:23:13:23:39:23:39:23:Infinity":4,"b:24:10:24:24:24:24:24:Infinity":5,"s:28:2:31:Infinity":1,"f:36:16:36:34":1,"b:36:55:36:100":6,"b:37:2:37:Infinity:undefined:undefined:undefined:undefined":7,"s:37:2:37:Infinity":2,"s:37:18:37:Infinity":3,"s:38:2:41:Infinity":4,"b:40:19:40:26:40:26:40:Infinity":8,"f:46:16:46:28":2,"s:53:2:56:Infinity":5},"fnNames":{}}}
,"C:\\IT\\Natije AI\\src\\components\\ui\\Button.css": {"path":"C:\\IT\\Natije AI\\src\\components\\ui\\Button.css","statementMap":{},"fnMap":{},"branchMap":{},"s":{},"f":{},"b":{},"meta":{"lastBranch":0,"lastFunction":0,"lastStatement":0,"seen":{},"fnNames":{}}}
,"C:\\IT\\Natije AI\\src\\components\\ui\\Button.tsx": {"path":"C:\\IT\\Natije AI\\src\\components\\ui\\Button.tsx","statementMap":{"0":{"start":{"line":24,"column":18},"end":{"line":30,"column":null}},"1":{"start":{"line":32,"column":2},"end":{"line":37,"column":null}}},"fnMap":{"0":{"name":"Button","decl":{"start":{"line":13,"column":24},"end":{"line":13,"column":31}},"loc":{"start":{"line":23,"column":16},"end":{"line":39,"column":null}},"line":23}},"branchMap":{"0":{"loc":{"start":{"line":14,"column":2},"end":{"line":14,"column":null}},"type":"default-arg","locations":[{"start":{"line":14,"column":12},"end":{"line":14,"column":null}}],"line":14},"1":{"loc":{"start":{"line":15,"column":2},"end":{"line":15,"column":null}},"type":"default-arg","locations":[{"start":{"line":15,"column":9},"end":{"line":15,"column":null}}],"line":15},"2":{"loc":{"start":{"line":16,"column":2},"end":{"line":16,"column":null}},"type":"default-arg","locations":[{"start":{"line":16,"column":14},"end":{"line":16,"column":null}}],"line":16},"3":{"loc":{"start":{"line":19,"column":2},"end":{"line":19,"column":null}},"type":"default-arg","locations":[{"start":{"line":19,"column":14},"end":{"line":19,"column":null}}],"line":19},"4":{"loc":{"start":{"line":20,"column":2},"end":{"line":20,"column":null}},"type":"default-arg","locations":[{"start":{"line":20,"column":14},"end":{"line":20,"column":null}}],"line":20},"5":{"loc":{"start":{"line":27,"column":4},"end":{"line":27,"column":null}},"type":"cond-expr","locations":[{"start":{"line":27,"column":20},"end":{"line":27,"column":36}},{"start":{"line":27,"column":36},"end":{"line":27,"column":null}}],"line":27},"6":{"loc":{"start":{"line":28,"column":4},"end":{"line":28,"column":null}},"type":"cond-expr","locations":[{"start":{"line":28,"column":16},"end":{"line":28,"column":29}},{"start":{"line":28,"column":29},"end":{"line":28,"column":null}}],"line":28},"7":{"loc":{"start":{"line":33,"column":42},"end":{"line":33,"column":65}},"type":"binary-expr","locations":[{"start":{"line":33,"column":42},"end":{"line":33,"column":54}},{"start":{"line":33,"column":54},"end":{"line":33,"column":65}}],"line":33},"8":{"loc":{"start":{"line":34,"column":7},"end":{"line":34,"column":null}},"type":"cond-expr","locations":[{"start":{"line":34,"column":19},"end":{"line":34,"column":null}},{"start":{"line":34,"column":114},"end":{"line":34,"column":null}}],"line":34},"9":{"loc":{"start":{"line":35,"column":7},"end":{"line":35,"column":null}},"type":"binary-expr","locations":[{"start":{"line":35,"column":7},"end":{"line":35,"column":21}},{"start":{"line":35,"column":21},"end":{"line":35,"column":29}},{"start":{"line":35,"column":29},"end":{"line":35,"column":null}}],"line":35}},"s":{"0":5,"1":5},"f":{"0":5},"b":{"0":[5],"1":[5],"2":[5],"3":[5],"4":[5],"5":[1,4],"6":[0,5],"7":[5,4],"8":[1,4],"9":[5,4,0]},"meta":{"lastBranch":10,"lastFunction":1,"lastStatement":2,"seen":{"f:13:24:13:31":0,"b:14:12:14:Infinity":0,"b:15:9:15:Infinity":1,"b:16:14:16:Infinity":2,"b:19:14:19:Infinity":3,"b:20:14:20:Infinity":4,"s:24:18:30:Infinity":0,"b:27:20:27:36:27:36:27:Infinity":5,"b:28:16:28:29:28:29:28:Infinity":6,"s:32:2:37:Infinity":1,"b:33:42:33:54:33:54:33:65":7,"b:34:19:34:Infinity:34:114:34:Infinity":8,"b:35:7:35:21:35:21:35:29:35:29:35:Infinity":9},"fnNames":{}}}
,"C:\\IT\\Natije AI\\src\\contexts\\AuthContext.tsx": {"path":"C:\\IT\\Natije AI\\src\\contexts\\AuthContext.tsx","statementMap":{"0":{"start":{"line":26,"column":6},"end":{"line":26,"column":null}},"1":{"start":{"line":29,"column":15},"end":{"line":29,"column":null}},"2":{"start":{"line":30,"column":18},"end":{"line":30,"column":null}},"3":{"start":{"line":33,"column":2},"end":{"line":75,"column":null}},"4":{"start":{"line":34,"column":4},"end":{"line":37,"column":null}},"5":{"start":{"line":35,"column":6},"end":{"line":35,"column":null}},"6":{"start":{"line":36,"column":6},"end":{"line":36,"column":null}},"7":{"start":{"line":39,"column":10},"end":{"line":72,"column":null}},"8":{"start":{"line":40,"column":6},"end":{"line":70,"column":null}},"9":{"start":{"line":41,"column":8},"end":{"line":67,"column":null}},"10":{"start":{"line":42,"column":10},"end":{"line":42,"column":null}},"11":{"start":{"line":42,"column":19},"end":{"line":42,"column":null}},"12":{"start":{"line":43,"column":26},"end":{"line":43,"column":null}},"13":{"start":{"line":44,"column":10},"end":{"line":63,"column":null}},"14":{"start":{"line":45,"column":29},"end":{"line":45,"column":null}},"15":{"start":{"line":46,"column":12},"end":{"line":54,"column":null}},"16":{"start":{"line":56,"column":12},"end":{"line":62,"column":null}},"17":{"start":{"line":65,"column":10},"end":{"line":65,"column":null}},"18":{"start":{"line":66,"column":10},"end":{"line":66,"column":null}},"19":{"start":{"line":69,"column":8},"end":{"line":69,"column":null}},"20":{"start":{"line":71,"column":6},"end":{"line":71,"column":null}},"21":{"start":{"line":74,"column":4},"end":{"line":74,"column":null}},"22":{"start":{"line":74,"column":17},"end":{"line":74,"column":null}},"23":{"start":{"line":77,"column":16},"end":{"line":80,"column":null}},"24":{"start":{"line":78,"column":4},"end":{"line":78,"column":null}},"25":{"start":{"line":78,"column":15},"end":{"line":78,"column":null}},"26":{"start":{"line":79,"column":4},"end":{"line":79,"column":null}},"27":{"start":{"line":82,"column":19},"end":{"line":101,"column":null}},"28":{"start":{"line":83,"column":4},"end":{"line":83,"column":null}},"29":{"start":{"line":83,"column":22},"end":{"line":83,"column":null}},"30":{"start":{"line":85,"column":27},"end":{"line":85,"column":null}},"31":{"start":{"line":86,"column":25},"end":{"line":86,"column":null}},"32":{"start":{"line":88,"column":18},"end":{"line":88,"column":null}},"33":{"start":{"line":89,"column":21},"end":{"line":89,"column":null}},"34":{"start":{"line":90,"column":4},"end":{"line":92,"column":null}},"35":{"start":{"line":90,"column":17},"end":{"line":90,"column":20}},"36":{"start":{"line":91,"column":6},"end":{"line":91,"column":null}},"37":{"start":{"line":94,"column":4},"end":{"line":100,"column":null}},"38":{"start":{"line":103,"column":17},"end":{"line":106,"column":null}},"39":{"start":{"line":104,"column":4},"end":{"line":104,"column":null}},"40":{"start":{"line":104,"column":15},"end":{"line":104,"column":null}},"41":{"start":{"line":105,"column":4},"end":{"line":105,"column":null}},"42":{"start":{"line":108,"column":24},"end":{"line":111,"column":null}},"43":{"start":{"line":109,"column":4},"end":{"line":109,"column":null}},"44":{"start":{"line":109,"column":15},"end":{"line":109,"column":null}},"45":{"start":{"line":110,"column":4},"end":{"line":110,"column":null}},"46":{"start":{"line":113,"column":28},"end":{"line":117,"column":null}},"47":{"start":{"line":114,"column":4},"end":{"line":114,"column":null}},"48":{"start":{"line":114,"column":35},"end":{"line":114,"column":null}},"49":{"start":{"line":115,"column":4},"end":{"line":115,"column":null}},"50":{"start":{"line":116,"column":4},"end":{"line":116,"column":null}},"51":{"start":{"line":116,"column":20},"end":{"line":116,"column":51}},"52":{"start":{"line":119,"column":27},"end":{"line":123,"column":null}},"53":{"start":{"line":120,"column":4},"end":{"line":120,"column":null}},"54":{"start":{"line":120,"column":35},"end":{"line":120,"column":null}},"55":{"start":{"line":121,"column":4},"end":{"line":121,"column":null}},"56":{"start":{"line":122,"column":4},"end":{"line":122,"column":null}},"57":{"start":{"line":122,"column":20},"end":{"line":122,"column":64}},"58":{"start":{"line":125,"column":2},"end":{"line":138,"column":null}},"59":{"start":{"line":143,"column":8},"end":{"line":143,"column":null}},"60":{"start":{"line":144,"column":2},"end":{"line":146,"column":null}},"61":{"start":{"line":145,"column":4},"end":{"line":145,"column":null}},"62":{"start":{"line":147,"column":2},"end":{"line":147,"column":null}}},"fnMap":{"0":{"name":"AuthProvider","decl":{"start":{"line":28,"column":16},"end":{"line":28,"column":29}},"loc":{"start":{"line":28,"column":68},"end":{"line":140,"column":null}},"line":28},"1":{"name":"(anonymous_1)","decl":{"start":{"line":33,"column":2},"end":{"line":33,"column":18}},"loc":{"start":{"line":33,"column":18},"end":{"line":75,"column":5}},"line":33},"2":{"name":"(anonymous_2)","decl":{"start":{"line":39,"column":49},"end":{"line":39,"column":56}},"loc":{"start":{"line":39,"column":94},"end":{"line":72,"column":5}},"line":39},"3":{"name":"(anonymous_3)","decl":{"start":{"line":74,"column":4},"end":{"line":74,"column":17}},"loc":{"start":{"line":74,"column":17},"end":{"line":74,"column":null}},"line":74},"4":{"name":"(anonymous_4)","decl":{"start":{"line":77,"column":16},"end":{"line":77,"column":23}},"loc":{"start":{"line":77,"column":59},"end":{"line":80,"column":null}},"line":77},"5":{"name":"(anonymous_5)","decl":{"start":{"line":82,"column":19},"end":{"line":82,"column":26}},"loc":{"start":{"line":82,"column":92},"end":{"line":101,"column":null}},"line":82},"6":{"name":"(anonymous_6)","decl":{"start":{"line":103,"column":17},"end":{"line":103,"column":29}},"loc":{"start":{"line":103,"column":29},"end":{"line":106,"column":null}},"line":103},"7":{"name":"(anonymous_7)","decl":{"start":{"line":108,"column":24},"end":{"line":108,"column":31}},"loc":{"start":{"line":108,"column":49},"end":{"line":111,"column":null}},"line":108},"8":{"name":"(anonymous_8)","decl":{"start":{"line":113,"column":28},"end":{"line":113,"column":35}},"loc":{"start":{"line":113,"column":52},"end":{"line":117,"column":null}},"line":113},"9":{"name":"(anonymous_9)","decl":{"start":{"line":116,"column":4},"end":{"line":116,"column":12}},"loc":{"start":{"line":116,"column":20},"end":{"line":116,"column":51}},"line":116},"10":{"name":"(anonymous_10)","decl":{"start":{"line":119,"column":27},"end":{"line":119,"column":34}},"loc":{"start":{"line":119,"column":56},"end":{"line":123,"column":null}},"line":119},"11":{"name":"(anonymous_11)","decl":{"start":{"line":122,"column":4},"end":{"line":122,"column":12}},"loc":{"start":{"line":122,"column":20},"end":{"line":122,"column":64}},"line":122},"12":{"name":"useAuth","decl":{"start":{"line":142,"column":16},"end":{"line":142,"column":26}},"loc":{"start":{"line":142,"column":26},"end":{"line":148,"column":null}},"line":142}},"branchMap":{"0":{"loc":{"start":{"line":34,"column":4},"end":{"line":37,"column":null}},"type":"if","locations":[{"start":{"line":34,"column":4},"end":{"line":37,"column":null}},{"start":{},"end":{}}],"line":34},"1":{"loc":{"start":{"line":40,"column":6},"end":{"line":70,"column":null}},"type":"if","locations":[{"start":{"line":40,"column":6},"end":{"line":70,"column":null}},{"start":{"line":68,"column":13},"end":{"line":70,"column":null}}],"line":40},"2":{"loc":{"start":{"line":42,"column":10},"end":{"line":42,"column":null}},"type":"if","locations":[{"start":{"line":42,"column":10},"end":{"line":42,"column":null}},{"start":{},"end":{}}],"line":42},"3":{"loc":{"start":{"line":44,"column":10},"end":{"line":63,"column":null}},"type":"if","locations":[{"start":{"line":44,"column":10},"end":{"line":63,"column":null}},{"start":{"line":55,"column":17},"end":{"line":63,"column":null}}],"line":44},"4":{"loc":{"start":{"line":48,"column":20},"end":{"line":48,"column":null}},"type":"binary-expr","locations":[{"start":{"line":48,"column":20},"end":{"line":48,"column":37}},{"start":{"line":48,"column":37},"end":{"line":48,"column":null}}],"line":48},"5":{"loc":{"start":{"line":49,"column":21},"end":{"line":49,"column":null}},"type":"binary-expr","locations":[{"start":{"line":49,"column":21},"end":{"line":49,"column":43}},{"start":{"line":49,"column":43},"end":{"line":49,"column":null}}],"line":49},"6":{"loc":{"start":{"line":50,"column":20},"end":{"line":50,"column":null}},"type":"binary-expr","locations":[{"start":{"line":50,"column":20},"end":{"line":50,"column":37}},{"start":{"line":50,"column":37},"end":{"line":50,"column":null}}],"line":50},"7":{"loc":{"start":{"line":53,"column":25},"end":{"line":53,"column":null}},"type":"binary-expr","locations":[{"start":{"line":53,"column":25},"end":{"line":53,"column":47}},{"start":{"line":53,"column":47},"end":{"line":53,"column":null}}],"line":53},"8":{"loc":{"start":{"line":59,"column":21},"end":{"line":59,"column":null}},"type":"binary-expr","locations":[{"start":{"line":59,"column":21},"end":{"line":59,"column":43}},{"start":{"line":59,"column":43},"end":{"line":59,"column":null}}],"line":59},"9":{"loc":{"start":{"line":78,"column":4},"end":{"line":78,"column":null}},"type":"if","locations":[{"start":{"line":78,"column":4},"end":{"line":78,"column":null}},{"start":{},"end":{}}],"line":78},"10":{"loc":{"start":{"line":83,"column":4},"end":{"line":83,"column":null}},"type":"if","locations":[{"start":{"line":83,"column":4},"end":{"line":83,"column":null}},{"start":{},"end":{}}],"line":83},"11":{"loc":{"start":{"line":83,"column":8},"end":{"line":83,"column":22}},"type":"binary-expr","locations":[{"start":{"line":83,"column":8},"end":{"line":83,"column":17}},{"start":{"line":83,"column":17},"end":{"line":83,"column":22}}],"line":83},"12":{"loc":{"start":{"line":98,"column":18},"end":{"line":98,"column":null}},"type":"cond-expr","locations":[{"start":{"line":98,"column":39},"end":{"line":98,"column":52}},{"start":{"line":98,"column":52},"end":{"line":98,"column":null}}],"line":98},"13":{"loc":{"start":{"line":104,"column":4},"end":{"line":104,"column":null}},"type":"if","locations":[{"start":{"line":104,"column":4},"end":{"line":104,"column":null}},{"start":{},"end":{}}],"line":104},"14":{"loc":{"start":{"line":109,"column":4},"end":{"line":109,"column":null}},"type":"if","locations":[{"start":{"line":109,"column":4},"end":{"line":109,"column":null}},{"start":{},"end":{}}],"line":109},"15":{"loc":{"start":{"line":114,"column":4},"end":{"line":114,"column":null}},"type":"if","locations":[{"start":{"line":114,"column":4},"end":{"line":114,"column":null}},{"start":{},"end":{}}],"line":114},"16":{"loc":{"start":{"line":114,"column":8},"end":{"line":114,"column":35}},"type":"binary-expr","locations":[{"start":{"line":114,"column":8},"end":{"line":114,"column":30}},{"start":{"line":114,"column":30},"end":{"line":114,"column":35}}],"line":114},"17":{"loc":{"start":{"line":116,"column":20},"end":{"line":116,"column":51}},"type":"cond-expr","locations":[{"start":{"line":116,"column":27},"end":{"line":116,"column":47}},{"start":{"line":116,"column":47},"end":{"line":116,"column":51}}],"line":116},"18":{"loc":{"start":{"line":120,"column":4},"end":{"line":120,"column":null}},"type":"if","locations":[{"start":{"line":120,"column":4},"end":{"line":120,"column":null}},{"start":{},"end":{}}],"line":120},"19":{"loc":{"start":{"line":120,"column":8},"end":{"line":120,"column":35}},"type":"binary-expr","locations":[{"start":{"line":120,"column":8},"end":{"line":120,"column":30}},{"start":{"line":120,"column":30},"end":{"line":120,"column":35}}],"line":120},"20":{"loc":{"start":{"line":122,"column":20},"end":{"line":122,"column":64}},"type":"cond-expr","locations":[{"start":{"line":122,"column":27},"end":{"line":122,"column":60}},{"start":{"line":122,"column":60},"end":{"line":122,"column":64}}],"line":122},"21":{"loc":{"start":{"line":137,"column":7},"end":{"line":137,"column":null}},"type":"binary-expr","locations":[{"start":{"line":137,"column":7},"end":{"line":137,"column":19}},{"start":{"line":137,"column":19},"end":{"line":137,"column":null}}],"line":137},"22":{"loc":{"start":{"line":144,"column":2},"end":{"line":146,"column":null}},"type":"if","locations":[{"start":{"line":144,"column":2},"end":{"line":146,"column":null}},{"start":{},"end":{}}],"line":144}},"s":{"0":1,"1":8,"2":8,"3":8,"4":4,"5":0,"6":0,"7":4,"8":4,"9":1,"10":1,"11":0,"12":1,"13":1,"14":1,"15":1,"16":0,"17":0,"18":0,"19":3,"20":4,"21":4,"22":4,"23":8,"24":1,"25":0,"26":1,"27":8,"28":0,"29":0,"30":0,"31":0,"32":0,"33":0,"34":0,"35":0,"36":0,"37":0,"38":8,"39":1,"40":0,"41":1,"42":8,"43":0,"44":0,"45":0,"46":8,"47":0,"48":0,"49":0,"50":0,"51":0,"52":8,"53":0,"54":0,"55":0,"56":0,"57":0,"58":8,"59":4,"60":4,"61":0,"62":4},"f":{"0":8,"1":4,"2":4,"3":4,"4":1,"5":0,"6":1,"7":0,"8":0,"9":0,"10":0,"11":0,"12":4},"b":{"0":[0,4],"1":[1,3],"2":[0,1],"3":[1,0],"4":[1,0],"5":[1,0],"6":[1,0],"7":[1,0],"8":[0,0],"9":[0,1],"10":[0,0],"11":[0,0],"12":[0,0],"13":[0,1],"14":[0,0],"15":[0,0],"16":[0,0],"17":[0,0],"18":[0,0],"19":[0,0],"20":[0,0],"21":[8,4],"22":[0,4]},"meta":{"lastBranch":23,"lastFunction":13,"lastStatement":63,"seen":{"s:26:6:26:Infinity":0,"f:28:16:28:29":0,"s:29:15:29:Infinity":1,"s:30:18:30:Infinity":2,"s:33:2:75:Infinity":3,"f:33:2:33:18":1,"b:34:4:37:Infinity:undefined:undefined:undefined:undefined":0,"s:34:4:37:Infinity":4,"s:35:6:35:Infinity":5,"s:36:6:36:Infinity":6,"s:39:10:72:Infinity":7,"f:39:49:39:56":2,"b:40:6:70:Infinity:68:13:70:Infinity":1,"s:40:6:70:Infinity":8,"s:41:8:67:Infinity":9,"b:42:10:42:Infinity:undefined:undefined:undefined:undefined":2,"s:42:10:42:Infinity":10,"s:42:19:42:Infinity":11,"s:43:26:43:Infinity":12,"b:44:10:63:Infinity:55:17:63:Infinity":3,"s:44:10:63:Infinity":13,"s:45:29:45:Infinity":14,"s:46:12:54:Infinity":15,"b:48:20:48:37:48:37:48:Infinity":4,"b:49:21:49:43:49:43:49:Infinity":5,"b:50:20:50:37:50:37:50:Infinity":6,"b:53:25:53:47:53:47:53:Infinity":7,"s:56:12:62:Infinity":16,"b:59:21:59:43:59:43:59:Infinity":8,"s:65:10:65:Infinity":17,"s:66:10:66:Infinity":18,"s:69:8:69:Infinity":19,"s:71:6:71:Infinity":20,"s:74:4:74:Infinity":21,"f:74:4:74:17":3,"s:74:17:74:Infinity":22,"s:77:16:80:Infinity":23,"f:77:16:77:23":4,"b:78:4:78:Infinity:undefined:undefined:undefined:undefined":9,"s:78:4:78:Infinity":24,"s:78:15:78:Infinity":25,"s:79:4:79:Infinity":26,"s:82:19:101:Infinity":27,"f:82:19:82:26":5,"b:83:4:83:Infinity:undefined:undefined:undefined:undefined":10,"s:83:4:83:Infinity":28,"b:83:8:83:17:83:17:83:22":11,"s:83:22:83:Infinity":29,"s:85:27:85:Infinity":30,"s:86:25:86:Infinity":31,"s:88:18:88:Infinity":32,"s:89:21:89:Infinity":33,"s:90:4:92:Infinity":34,"s:90:17:90:20":35,"s:91:6:91:Infinity":36,"s:94:4:100:Infinity":37,"b:98:39:98:52:98:52:98:Infinity":12,"s:103:17:106:Infinity":38,"f:103:17:103:29":6,"b:104:4:104:Infinity:undefined:undefined:undefined:undefined":13,"s:104:4:104:Infinity":39,"s:104:15:104:Infinity":40,"s:105:4:105:Infinity":41,"s:108:24:111:Infinity":42,"f:108:24:108:31":7,"b:109:4:109:Infinity:undefined:undefined:undefined:undefined":14,"s:109:4:109:Infinity":43,"s:109:15:109:Infinity":44,"s:110:4:110:Infinity":45,"s:113:28:117:Infinity":46,"f:113:28:113:35":8,"b:114:4:114:Infinity:undefined:undefined:undefined:undefined":15,"s:114:4:114:Infinity":47,"b:114:8:114:30:114:30:114:35":16,"s:114:35:114:Infinity":48,"s:115:4:115:Infinity":49,"s:116:4:116:Infinity":50,"f:116:4:116:12":9,"s:116:20:116:51":51,"b:116:27:116:47:116:47:116:51":17,"s:119:27:123:Infinity":52,"f:119:27:119:34":10,"b:120:4:120:Infinity:undefined:undefined:undefined:undefined":18,"s:120:4:120:Infinity":53,"b:120:8:120:30:120:30:120:35":19,"s:120:35:120:Infinity":54,"s:121:4:121:Infinity":55,"s:122:4:122:Infinity":56,"f:122:4:122:12":11,"s:122:20:122:64":57,"b:122:27:122:60:122:60:122:64":20,"s:125:2:138:Infinity":58,"b:137:7:137:19:137:19:137:Infinity":21,"f:142:16:142:26":12,"s:143:8:143:Infinity":59,"b:144:2:146:Infinity:undefined:undefined:undefined:undefined":22,"s:144:2:146:Infinity":60,"s:145:4:145:Infinity":61,"s:147:2:147:Infinity":62},"fnNames":{}}}
,"C:\\IT\\Natije AI\\src\\services\\ai.ts": {"path":"C:\\IT\\Natije AI\\src\\services\\ai.ts","statementMap":{"0":{"start":{"line":10,"column":2},"end":{"line":12,"column":null}},"1":{"start":{"line":11,"column":4},"end":{"line":11,"column":null}},"2":{"start":{"line":13,"column":2},"end":{"line":15,"column":null}},"3":{"start":{"line":14,"column":4},"end":{"line":14,"column":null}},"4":{"start":{"line":16,"column":2},"end":{"line":18,"column":null}},"5":{"start":{"line":17,"column":4},"end":{"line":17,"column":null}},"6":{"start":{"line":19,"column":2},"end":{"line":21,"column":null}},"7":{"start":{"line":20,"column":4},"end":{"line":20,"column":null}},"8":{"start":{"line":22,"column":2},"end":{"line":24,"column":null}},"9":{"start":{"line":23,"column":4},"end":{"line":23,"column":null}},"10":{"start":{"line":25,"column":2},"end":{"line":25,"column":null}},"11":{"start":{"line":33,"column":2},"end":{"line":42,"column":null}},"12":{"start":{"line":49,"column":21},"end":{"line":49,"column":null}},"13":{"start":{"line":50,"column":16},"end":{"line":50,"column":null}},"14":{"start":{"line":50,"column":33},"end":{"line":50,"column":53}},"15":{"start":{"line":52,"column":2},"end":{"line":57,"column":null}},"16":{"start":{"line":53,"column":21},"end":{"line":53,"column":null}},"17":{"start":{"line":54,"column":4},"end":{"line":54,"column":null}},"18":{"start":{"line":56,"column":4},"end":{"line":56,"column":null}},"19":{"start":{"line":60,"column":27},"end":{"line":154,"column":null}},"20":{"start":{"line":61,"column":2},"end":{"line":63,"column":null}},"21":{"start":{"line":62,"column":4},"end":{"line":62,"column":null}},"22":{"start":{"line":65,"column":17},"end":{"line":66,"column":null}},"23":{"start":{"line":100,"column":22},"end":{"line":134,"column":null}},"24":{"start":{"line":101,"column":10},"end":{"line":101,"column":null}},"25":{"start":{"line":103,"column":4},"end":{"line":133,"column":null}},"26":{"start":{"line":104,"column":23},"end":{"line":119,"column":null}},"27":{"start":{"line":121,"column":19},"end":{"line":121,"column":null}},"28":{"start":{"line":123,"column":6},"end":{"line":125,"column":null}},"29":{"start":{"line":124,"column":8},"end":{"line":124,"column":null}},"30":{"start":{"line":127,"column":22},"end":{"line":127,"column":null}},"31":{"start":{"line":128,"column":21},"end":{"line":128,"column":null}},"32":{"start":{"line":129,"column":6},"end":{"line":129,"column":null}},"33":{"start":{"line":131,"column":6},"end":{"line":131,"column":null}},"34":{"start":{"line":132,"column":6},"end":{"line":132,"column":null}},"35":{"start":{"line":137,"column":2},"end":{"line":153,"column":null}},"36":{"start":{"line":138,"column":4},"end":{"line":138,"column":null}},"37":{"start":{"line":141,"column":4},"end":{"line":151,"column":null}},"38":{"start":{"line":142,"column":6},"end":{"line":142,"column":null}},"39":{"start":{"line":143,"column":6},"end":{"line":150,"column":null}},"40":{"start":{"line":144,"column":8},"end":{"line":144,"column":null}},"41":{"start":{"line":146,"column":8},"end":{"line":148,"column":null}},"42":{"start":{"line":147,"column":10},"end":{"line":147,"column":null}},"43":{"start":{"line":149,"column":8},"end":{"line":149,"column":null}},"44":{"start":{"line":152,"column":4},"end":{"line":152,"column":null}},"45":{"start":{"line":156,"column":31},"end":{"line":194,"column":null}},"46":{"start":{"line":157,"column":2},"end":{"line":159,"column":null}},"47":{"start":{"line":158,"column":4},"end":{"line":158,"column":null}},"48":{"start":{"line":161,"column":23},"end":{"line":164,"column":null}},"49":{"start":{"line":166,"column":27},"end":{"line":169,"column":null}},"50":{"start":{"line":166,"column":45},"end":{"line":169,"column":4}},"51":{"start":{"line":171,"column":2},"end":{"line":193,"column":null}},"52":{"start":{"line":172,"column":10},"end":{"line":172,"column":null}},"53":{"start":{"line":173,"column":21},"end":{"line":182,"column":null}},"54":{"start":{"line":184,"column":17},"end":{"line":184,"column":null}},"55":{"start":{"line":186,"column":4},"end":{"line":188,"column":null}},"56":{"start":{"line":187,"column":6},"end":{"line":187,"column":null}},"57":{"start":{"line":189,"column":4},"end":{"line":189,"column":null}},"58":{"start":{"line":191,"column":4},"end":{"line":191,"column":null}},"59":{"start":{"line":192,"column":4},"end":{"line":192,"column":null}},"60":{"start":{"line":197,"column":12},"end":{"line":197,"column":null}},"61":{"start":{"line":198,"column":2},"end":{"line":200,"column":null}},"62":{"start":{"line":199,"column":4},"end":{"line":199,"column":null}},"63":{"start":{"line":201,"column":2},"end":{"line":203,"column":null}},"64":{"start":{"line":202,"column":4},"end":{"line":202,"column":null}},"65":{"start":{"line":204,"column":2},"end":{"line":206,"column":null}},"66":{"start":{"line":205,"column":4},"end":{"line":205,"column":null}},"67":{"start":{"line":207,"column":2},"end":{"line":207,"column":null}}},"fnMap":{"0":{"name":"getAIErrorMessage","decl":{"start":{"line":9,"column":9},"end":{"line":9,"column":27}},"loc":{"start":{"line":9,"column":68},"end":{"line":26,"column":null}},"line":9},"1":{"name":"validateAndNormalize","decl":{"start":{"line":32,"column":9},"end":{"line":32,"column":30}},"loc":{"start":{"line":32,"column":91},"end":{"line":43,"column":null}},"line":32},"2":{"name":"fetchWithTimeout","decl":{"start":{"line":48,"column":15},"end":{"line":48,"column":32}},"loc":{"start":{"line":48,"column":105},"end":{"line":58,"column":null}},"line":48},"3":{"name":"(anonymous_3)","decl":{"start":{"line":50,"column":16},"end":{"line":50,"column":33}},"loc":{"start":{"line":50,"column":33},"end":{"line":50,"column":53}},"line":50},"4":{"name":"(anonymous_4)","decl":{"start":{"line":60,"column":27},"end":{"line":60,"column":34}},"loc":{"start":{"line":60,"column":147},"end":{"line":154,"column":null}},"line":60},"5":{"name":"(anonymous_5)","decl":{"start":{"line":100,"column":22},"end":{"line":100,"column":94}},"loc":{"start":{"line":100,"column":94},"end":{"line":134,"column":null}},"line":100},"6":{"name":"(anonymous_6)","decl":{"start":{"line":156,"column":31},"end":{"line":156,"column":38}},"loc":{"start":{"line":156,"column":139},"end":{"line":194,"column":null}},"line":156},"7":{"name":"(anonymous_7)","decl":{"start":{"line":166,"column":35},"end":{"line":166,"column":39}},"loc":{"start":{"line":166,"column":45},"end":{"line":169,"column":4}},"line":166},"8":{"name":"getMockResponse","decl":{"start":{"line":196,"column":9},"end":{"line":196,"column":25}},"loc":{"start":{"line":196,"column":48},"end":{"line":208,"column":null}},"line":196}},"branchMap":{"0":{"loc":{"start":{"line":10,"column":2},"end":{"line":12,"column":null}},"type":"if","locations":[{"start":{"line":10,"column":2},"end":{"line":12,"column":null}},{"start":{},"end":{}}],"line":10},"1":{"loc":{"start":{"line":10,"column":6},"end":{"line":10,"column":40}},"type":"binary-expr","locations":[{"start":{"line":10,"column":6},"end":{"line":10,"column":24}},{"start":{"line":10,"column":24},"end":{"line":10,"column":40}}],"line":10},"2":{"loc":{"start":{"line":13,"column":2},"end":{"line":15,"column":null}},"type":"if","locations":[{"start":{"line":13,"column":2},"end":{"line":15,"column":null}},{"start":{},"end":{}}],"line":13},"3":{"loc":{"start":{"line":16,"column":2},"end":{"line":18,"column":null}},"type":"if","locations":[{"start":{"line":16,"column":2},"end":{"line":18,"column":null}},{"start":{},"end":{}}],"line":16},"4":{"loc":{"start":{"line":19,"column":2},"end":{"line":21,"column":null}},"type":"if","locations":[{"start":{"line":19,"column":2},"end":{"line":21,"column":null}},{"start":{},"end":{}}],"line":19},"5":{"loc":{"start":{"line":22,"column":2},"end":{"line":24,"column":null}},"type":"if","locations":[{"start":{"line":22,"column":2},"end":{"line":24,"column":null}},{"start":{},"end":{}}],"line":22},"6":{"loc":{"start":{"line":22,"column":6},"end":{"line":22,"column":94}},"type":"binary-expr","locations":[{"start":{"line":22,"column":6},"end":{"line":22,"column":51}},{"start":{"line":22,"column":51},"end":{"line":22,"column":94}}],"line":22},"7":{"loc":{"start":{"line":34,"column":11},"end":{"line":34,"column":null}},"type":"cond-expr","locations":[{"start":{"line":34,"column":43},"end":{"line":34,"column":83}},{"start":{"line":34,"column":83},"end":{"line":34,"column":null}}],"line":34},"8":{"loc":{"start":{"line":35,"column":14},"end":{"line":35,"column":null}},"type":"cond-expr","locations":[{"start":{"line":35,"column":49},"end":{"line":35,"column":64}},{"start":{"line":35,"column":64},"end":{"line":35,"column":null}}],"line":35},"9":{"loc":{"start":{"line":36,"column":16},"end":{"line":36,"column":null}},"type":"cond-expr","locations":[{"start":{"line":36,"column":53},"end":{"line":36,"column":71}},{"start":{"line":36,"column":71},"end":{"line":36,"column":null}}],"line":36},"10":{"loc":{"start":{"line":36,"column":71},"end":{"line":36,"column":null}},"type":"cond-expr","locations":[{"start":{"line":36,"column":103},"end":{"line":36,"column":115}},{"start":{"line":36,"column":115},"end":{"line":36,"column":null}}],"line":36},"11":{"loc":{"start":{"line":37,"column":14},"end":{"line":37,"column":null}},"type":"cond-expr","locations":[{"start":{"line":37,"column":44},"end":{"line":37,"column":59}},{"start":{"line":37,"column":59},"end":{"line":37,"column":null}}],"line":37},"12":{"loc":{"start":{"line":38,"column":14},"end":{"line":38,"column":null}},"type":"cond-expr","locations":[{"start":{"line":38,"column":49},"end":{"line":38,"column":64}},{"start":{"line":38,"column":64},"end":{"line":38,"column":null}}],"line":38},"13":{"loc":{"start":{"line":39,"column":21},"end":{"line":39,"column":null}},"type":"cond-expr","locations":[{"start":{"line":39,"column":58},"end":{"line":39,"column":80}},{"start":{"line":39,"column":80},"end":{"line":39,"column":null}}],"line":39},"14":{"loc":{"start":{"line":40,"column":15},"end":{"line":40,"column":null}},"type":"cond-expr","locations":[{"start":{"line":40,"column":46},"end":{"line":40,"column":62}},{"start":{"line":40,"column":62},"end":{"line":40,"column":null}}],"line":40},"15":{"loc":{"start":{"line":41,"column":14},"end":{"line":41,"column":null}},"type":"cond-expr","locations":[{"start":{"line":41,"column":44},"end":{"line":41,"column":59}},{"start":{"line":41,"column":59},"end":{"line":41,"column":null}}],"line":41},"16":{"loc":{"start":{"line":61,"column":2},"end":{"line":63,"column":null}},"type":"if","locations":[{"start":{"line":61,"column":2},"end":{"line":63,"column":null}},{"start":{},"end":{}}],"line":61},"17":{"loc":{"start":{"line":123,"column":6},"end":{"line":125,"column":null}},"type":"if","locations":[{"start":{"line":123,"column":6},"end":{"line":125,"column":null}},{"start":{},"end":{}}],"line":123},"18":{"loc":{"start":{"line":123,"column":10},"end":{"line":123,"column":73}},"type":"binary-expr","locations":[{"start":{"line":123,"column":10},"end":{"line":123,"column":27}},{"start":{"line":123,"column":27},"end":{"line":123,"column":47}},{"start":{"line":123,"column":47},"end":{"line":123,"column":73}}],"line":123},"19":{"loc":{"start":{"line":141,"column":4},"end":{"line":151,"column":null}},"type":"if","locations":[{"start":{"line":141,"column":4},"end":{"line":151,"column":null}},{"start":{},"end":{}}],"line":141},"20":{"loc":{"start":{"line":146,"column":8},"end":{"line":148,"column":null}},"type":"if","locations":[{"start":{"line":146,"column":8},"end":{"line":148,"column":null}},{"start":{},"end":{}}],"line":146},"21":{"loc":{"start":{"line":157,"column":2},"end":{"line":159,"column":null}},"type":"if","locations":[{"start":{"line":157,"column":2},"end":{"line":159,"column":null}},{"start":{},"end":{}}],"line":157},"22":{"loc":{"start":{"line":167,"column":10},"end":{"line":167,"column":null}},"type":"cond-expr","locations":[{"start":{"line":167,"column":35},"end":{"line":167,"column":49}},{"start":{"line":167,"column":49},"end":{"line":167,"column":null}}],"line":167},"23":{"loc":{"start":{"line":186,"column":4},"end":{"line":188,"column":null}},"type":"if","locations":[{"start":{"line":186,"column":4},"end":{"line":188,"column":null}},{"start":{},"end":{}}],"line":186},"24":{"loc":{"start":{"line":186,"column":8},"end":{"line":186,"column":71}},"type":"binary-expr","locations":[{"start":{"line":186,"column":8},"end":{"line":186,"column":25}},{"start":{"line":186,"column":25},"end":{"line":186,"column":45}},{"start":{"line":186,"column":45},"end":{"line":186,"column":71}}],"line":186},"25":{"loc":{"start":{"line":198,"column":2},"end":{"line":200,"column":null}},"type":"if","locations":[{"start":{"line":198,"column":2},"end":{"line":200,"column":null}},{"start":{},"end":{}}],"line":198},"26":{"loc":{"start":{"line":198,"column":6},"end":{"line":198,"column":55}},"type":"binary-expr","locations":[{"start":{"line":198,"column":6},"end":{"line":198,"column":32}},{"start":{"line":198,"column":32},"end":{"line":198,"column":55}}],"line":198},"27":{"loc":{"start":{"line":201,"column":2},"end":{"line":203,"column":null}},"type":"if","locations":[{"start":{"line":201,"column":2},"end":{"line":203,"column":null}},{"start":{},"end":{}}],"line":201},"28":{"loc":{"start":{"line":201,"column":6},"end":{"line":201,"column":49}},"type":"binary-expr","locations":[{"start":{"line":201,"column":6},"end":{"line":201,"column":29}},{"start":{"line":201,"column":29},"end":{"line":201,"column":49}}],"line":201},"29":{"loc":{"start":{"line":204,"column":2},"end":{"line":206,"column":null}},"type":"if","locations":[{"start":{"line":204,"column":2},"end":{"line":206,"column":null}},{"start":{},"end":{}}],"line":204},"30":{"loc":{"start":{"line":204,"column":6},"end":{"line":204,"column":51}},"type":"binary-expr","locations":[{"start":{"line":204,"column":6},"end":{"line":204,"column":30}},{"start":{"line":204,"column":30},"end":{"line":204,"column":51}}],"line":204}},"s":{"0":0,"1":0,"2":0,"3":0,"4":0,"5":0,"6":0,"7":0,"8":0,"9":0,"10":0,"11":1,"12":0,"13":0,"14":0,"15":0,"16":0,"17":0,"18":0,"19":1,"20":2,"21":0,"22":2,"23":2,"24":2,"25":2,"26":2,"27":2,"28":2,"29":1,"30":1,"31":1,"32":1,"33":1,"34":1,"35":2,"36":2,"37":1,"38":0,"39":0,"40":0,"41":0,"42":0,"43":0,"44":1,"45":1,"46":2,"47":0,"48":2,"49":2,"50":0,"51":2,"52":2,"53":2,"54":1,"55":1,"56":0,"57":1,"58":1,"59":1,"60":1,"61":1,"62":1,"63":0,"64":0,"65":0,"66":0,"67":0},"f":{"0":0,"1":1,"2":0,"3":0,"4":2,"5":2,"6":2,"7":0,"8":1},"b":{"0":[0,0],"1":[0,0],"2":[0,0],"3":[0,0],"4":[0,0],"5":[0,0],"6":[0,0],"7":[1,0],"8":[1,0],"9":[1,0],"10":[0,0],"11":[1,0],"12":[1,0],"13":[1,0],"14":[1,0],"15":[1,0],"16":[0,2],"17":[1,1],"18":[2,1,1],"19":[0,1],"20":[0,0],"21":[0,2],"22":[0,0],"23":[0,1],"24":[1,1,1],"25":[1,0],"26":[1,0],"27":[0,0],"28":[0,0],"29":[0,0],"30":[0,0]},"meta":{"lastBranch":31,"lastFunction":9,"lastStatement":68,"seen":{"f:9:9:9:27":0,"b:10:2:12:Infinity:undefined:undefined:undefined:undefined":0,"s:10:2:12:Infinity":0,"b:10:6:10:24:10:24:10:40":1,"s:11:4:11:Infinity":1,"b:13:2:15:Infinity:undefined:undefined:undefined:undefined":2,"s:13:2:15:Infinity":2,"s:14:4:14:Infinity":3,"b:16:2:18:Infinity:undefined:undefined:undefined:undefined":3,"s:16:2:18:Infinity":4,"s:17:4:17:Infinity":5,"b:19:2:21:Infinity:undefined:undefined:undefined:undefined":4,"s:19:2:21:Infinity":6,"s:20:4:20:Infinity":7,"b:22:2:24:Infinity:undefined:undefined:undefined:undefined":5,"s:22:2:24:Infinity":8,"b:22:6:22:51:22:51:22:94":6,"s:23:4:23:Infinity":9,"s:25:2:25:Infinity":10,"f:32:9:32:30":1,"s:33:2:42:Infinity":11,"b:34:43:34:83:34:83:34:Infinity":7,"b:35:49:35:64:35:64:35:Infinity":8,"b:36:53:36:71:36:71:36:Infinity":9,"b:36:103:36:115:36:115:36:Infinity":10,"b:37:44:37:59:37:59:37:Infinity":11,"b:38:49:38:64:38:64:38:Infinity":12,"b:39:58:39:80:39:80:39:Infinity":13,"b:40:46:40:62:40:62:40:Infinity":14,"b:41:44:41:59:41:59:41:Infinity":15,"f:48:15:48:32":2,"s:49:21:49:Infinity":12,"s:50:16:50:Infinity":13,"f:50:16:50:33":3,"s:50:33:50:53":14,"s:52:2:57:Infinity":15,"s:53:21:53:Infinity":16,"s:54:4:54:Infinity":17,"s:56:4:56:Infinity":18,"s:60:27:154:Infinity":19,"f:60:27:60:34":4,"b:61:2:63:Infinity:undefined:undefined:undefined:undefined":16,"s:61:2:63:Infinity":20,"s:62:4:62:Infinity":21,"s:65:17:66:Infinity":22,"s:100:22:134:Infinity":23,"f:100:22:100:94":5,"s:101:10:101:Infinity":24,"s:103:4:133:Infinity":25,"s:104:23:119:Infinity":26,"s:121:19:121:Infinity":27,"b:123:6:125:Infinity:undefined:undefined:undefined:undefined":17,"s:123:6:125:Infinity":28,"b:123:10:123:27:123:27:123:47:123:47:123:73":18,"s:124:8:124:Infinity":29,"s:127:22:127:Infinity":30,"s:128:21:128:Infinity":31,"s:129:6:129:Infinity":32,"s:131:6:131:Infinity":33,"s:132:6:132:Infinity":34,"s:137:2:153:Infinity":35,"s:138:4:138:Infinity":36,"b:141:4:151:Infinity:undefined:undefined:undefined:undefined":19,"s:141:4:151:Infinity":37,"s:142:6:142:Infinity":38,"s:143:6:150:Infinity":39,"s:144:8:144:Infinity":40,"b:146:8:148:Infinity:undefined:undefined:undefined:undefined":20,"s:146:8:148:Infinity":41,"s:147:10:147:Infinity":42,"s:149:8:149:Infinity":43,"s:152:4:152:Infinity":44,"s:156:31:194:Infinity":45,"f:156:31:156:38":6,"b:157:2:159:Infinity:undefined:undefined:undefined:undefined":21,"s:157:2:159:Infinity":46,"s:158:4:158:Infinity":47,"s:161:23:164:Infinity":48,"s:166:27:169:Infinity":49,"f:166:35:166:39":7,"s:166:45:169:4":50,"b:167:35:167:49:167:49:167:Infinity":22,"s:171:2:193:Infinity":51,"s:172:10:172:Infinity":52,"s:173:21:182:Infinity":53,"s:184:17:184:Infinity":54,"b:186:4:188:Infinity:undefined:undefined:undefined:undefined":23,"s:186:4:188:Infinity":55,"b:186:8:186:25:186:25:186:45:186:45:186:71":24,"s:187:6:187:Infinity":56,"s:189:4:189:Infinity":57,"s:191:4:191:Infinity":58,"s:192:4:192:Infinity":59,"f:196:9:196:25":8,"s:197:12:197:Infinity":60,"b:198:2:200:Infinity:undefined:undefined:undefined:undefined":25,"s:198:2:200:Infinity":61,"b:198:6:198:32:198:32:198:55":26,"s:199:4:199:Infinity":62,"b:201:2:203:Infinity:undefined:undefined:undefined:undefined":27,"s:201:2:203:Infinity":63,"b:201:6:201:29:201:29:201:49":28,"s:202:4:202:Infinity":64,"b:204:2:206:Infinity:undefined:undefined:undefined:undefined":29,"s:204:2:206:Infinity":65,"b:204:6:204:30:204:30:204:51":30,"s:205:4:205:Infinity":66,"s:207:2:207:Infinity":67},"fnNames":{}}}
}
